<?xml version="1.0" encoding="UTF-8"?>
<!-- Generated by org.testng.reporters.JUnitReportReporter -->
<testsuite hostname="DESKTOP-CD2E1TO" name="cases.HelloCases" tests="1" failures="0" timestamp="19 Oct 2021 07:01:52 GMT" time="0.016" errors="0">
  <testcase name="test01" time="0.016" classname="cases.HelloCases"/>
</testsuite> <!-- cases.HelloCases -->
